#
# There is insufficient memory for the Java Runtime Environment to continue.
# Native memory allocation (mmap) failed to map 266338304 bytes for G1 virtual space
# Possible reasons:
#   The system is out of physical RAM or swap space
#   The process is running with CompressedOops enabled, and the Java Heap may be blocking the growth of the native heap
# Possible solutions:
#   Reduce memory load on the system
#   Increase physical memory or swap space
#   Check if swap backing store is full
#   Decrease Java heap size (-Xmx/-Xms)
#   Decrease number of Java threads
#   Decrease Java thread stack sizes (-Xss)
#   Set larger code cache with -XX:ReservedCodeCacheSize=
#   JVM is running with Zero Based Compressed Oops mode in which the Java heap is
#     placed in the first 32GB address space. The Java Heap base address is the
#     maximum limit for the native heap growth. Please use -XX:HeapBaseMinAddress
#     to set the Java Heap base and to place the Java Heap above 32GB virtual address.
# This output file may be truncated or incomplete.
#
#  Out of Memory Error (os_windows.cpp:3825), pid=12500, tid=24392
#
# JRE version:  (17.0.10+1) (build )
# Java VM: OpenJDK 64-Bit Server VM (17.0.10+1-b1087.17, mixed mode, sharing, tiered, compressed oops, compressed class ptrs, g1 gc, windows-amd64)
# No core dump will be written. Minidumps are not enabled by default on client versions of Windows
#

---------------  S U M M A R Y ------------

Command Line: git4idea.http.GitAskPassApp Username for 'https://github.com': 

Host: Intel(R) Core(TM) i7-10750H CPU @ 2.60GHz, 12 cores, 15G,  Windows 10 , 64 bit Build 19041 (10.0.19041.4597)
Time: Mon Jul 29 19:19:54 2024 India Standard Time elapsed time: 0.017142 seconds (0d 0h 0m 0s)

---------------  T H R E A D  ---------------

Current thread (0x000001f6624def80):  JavaThread "Unknown thread" [_thread_in_vm, id=24392, stack(0x0000005591c00000,0x0000005591d00000)]

Stack: [0x0000005591c00000,0x0000005591d00000]
Native frames: (J=compiled Java code, j=interpreted, Vv=VM code, C=native code)
V  [jvm.dll+0x688ac9]
V  [jvm.dll+0x84220a]
V  [jvm.dll+0x843e4e]
V  [jvm.dll+0x8444b3]
V  [jvm.dll+0x24ba8f]
V  [jvm.dll+0x685899]
V  [jvm.dll+0x67a14a]
V  [jvm.dll+0x30c7eb]
V  [jvm.dll+0x313c96]
V  [jvm.dll+0x363a2e]
V  [jvm.dll+0x363c5f]
V  [jvm.dll+0x2e25b8]
V  [jvm.dll+0x2e3524]
V  [jvm.dll+0x812d71]
V  [jvm.dll+0x3718e1]
V  [jvm.dll+0x7f18d6]
V  [jvm.dll+0x3f553f]
V  [jvm.dll+0x3f7171]
C  [jli.dll+0x528f]
C  [ucrtbase.dll+0x21bb2]
C  [KERNEL32.DLL+0x17374]
C  [ntdll.dll+0x4cc91]


---------------  P R O C E S S  ---------------

Threads class SMR info:
_java_thread_list=0x00007ff9e33def58, length=0, elements={
}

Java Threads: ( => current thread )

Other Threads:
  0x000001f662548fb0 GCTaskThread "GC Thread#0" [stack: 0x0000005591d00000,0x0000005591e00000] [id=14996]
  0x000001f662559bc0 ConcurrentGCThread "G1 Main Marker" [stack: 0x0000005591e00000,0x0000005591f00000] [id=19652]
  0x000001f66255b5f0 ConcurrentGCThread "G1 Conc#0" [stack: 0x0000005591f00000,0x0000005592000000] [id=25636]

[error occurred during error reporting (printing all threads), id 0xc0000005, EXCEPTION_ACCESS_VIOLATION (0xc0000005) at pc=0x00007ff9e2b93187]

VM state: not at safepoint (not fully initialized)

VM Mutex/Monitor currently owned by a thread:  ([mutex/lock_event])
[0x000001f6624d8ed0] Heap_lock - owner thread: 0x000001f6624def80

Heap address: 0x0000000703400000, size: 4044 MB, Compressed Oops mode: Zero based, Oop shift amount: 3

CDS archive(s) mapped at: [0x0000000000000000-0x0000000000000000-0x0000000000000000), size 0, SharedBaseAddress: 0x0000000800000000, ArchiveRelocationMode: 1.
Narrow klass base: 0x0000000000000000, Narrow klass shift: 0, Narrow klass range: 0x0

GC Precious Log:
<Empty>

Heap:
 garbage-first heap   total 0K, used 0K [0x0000000703400000, 0x0000000800000000)
  region size 2048K, 0 young (0K), 0 survivors (0K)
 Metaspace       used 0K, committed 0K, reserved 0K
  class space    used 0K, committed 0K, reserved 0K

Heap Regions: E=young(eden), S=young(survivor), O=old, HS=humongous(starts), HC=humongous(continues), CS=collection set, F=free, OA=open archive, CA=closed archive, TAMS=top-at-mark-start (previous, next)

Card table byte_map: [0x000001f6759a0000,0x000001f676190000] _byte_map_base: 0x000001f672186000

Marking Bits (Prev, Next): (CMBitMap*) 0x000001f6625495d0, (CMBitMap*) 0x000001f662549610
 Prev Bits: [0x000001f676980000, 0x000001f67a8b0000)
 Next Bits: [0x000001f67a8b0000, 0x000001f67e7e0000)

GC Heap History (0 events):
No events

Dll operation events (1 events):
Event: 0.005 Loaded shared library F:\softwares\IntelliJ IDEA 2023.3.4\jbr\bin\java.dll

Deoptimization events (0 events):
No events

Classes unloaded (0 events):
No events

Classes redefined (0 events):
No events

Internal exceptions (0 events):
No events

VM Operations (0 events):
No events

Events (0 events):
No events


Dynamic libraries:
0x00007ff7eddf0000 - 0x00007ff7eddfa000 	F:\softwares\IntelliJ IDEA 2023.3.4\jbr\bin\java.exe
0x00007ffa3aeb0000 - 0x00007ffa3b0a8000 	C:\WINDOWS\SYSTEM32\ntdll.dll
0x00007ffa3a870000 - 0x00007ffa3a931000 	C:\WINDOWS\System32\KERNEL32.DLL
0x00007ffa38be0000 - 0x00007ffa38ed6000 	C:\WINDOWS\System32\KERNELBASE.dll
0x00007ffa388b0000 - 0x00007ffa389b0000 	C:\WINDOWS\System32\ucrtbase.dll
0x00007ffa06cc0000 - 0x00007ffa06cd7000 	F:\softwares\IntelliJ IDEA 2023.3.4\jbr\bin\jli.dll
0x00007ffa065d0000 - 0x00007ffa065eb000 	F:\softwares\IntelliJ IDEA 2023.3.4\jbr\bin\VCRUNTIME140.dll
0x00007ffa39d50000 - 0x00007ffa39eef000 	C:\WINDOWS\System32\USER32.dll
0x00007ffa387d0000 - 0x00007ffa387f2000 	C:\WINDOWS\System32\win32u.dll
0x00007ffa1fae0000 - 0x00007ffa1fd7a000 	C:\WINDOWS\WinSxS\amd64_microsoft.windows.common-controls_6595b64144ccf1df_6.0.19041.4355_none_60b8b9eb71f62e16\COMCTL32.dll
0x00007ffa39d20000 - 0x00007ffa39d4b000 	C:\WINDOWS\System32\GDI32.dll
0x00007ffa39c80000 - 0x00007ffa39d1e000 	C:\WINDOWS\System32\msvcrt.dll
0x00007ffa38ac0000 - 0x00007ffa38bd7000 	C:\WINDOWS\System32\gdi32full.dll
0x00007ffa38730000 - 0x00007ffa387cd000 	C:\WINDOWS\System32\msvcp_win.dll
0x00007ffa397e0000 - 0x00007ffa3980f000 	C:\WINDOWS\System32\IMM32.DLL
0x00007ffa204c0000 - 0x00007ffa204cc000 	F:\softwares\IntelliJ IDEA 2023.3.4\jbr\bin\vcruntime140_1.dll
0x00007ff9f4260000 - 0x00007ff9f42ed000 	F:\softwares\IntelliJ IDEA 2023.3.4\jbr\bin\msvcp140.dll
0x00007ff9e28a0000 - 0x00007ff9e3523000 	F:\softwares\IntelliJ IDEA 2023.3.4\jbr\bin\server\jvm.dll
0x00007ffa3a1f0000 - 0x00007ffa3a2a0000 	C:\WINDOWS\System32\ADVAPI32.dll
0x00007ffa3a960000 - 0x00007ffa3aa00000 	C:\WINDOWS\System32\sechost.dll
0x00007ffa3a490000 - 0x00007ffa3a5b3000 	C:\WINDOWS\System32\RPCRT4.dll
0x00007ffa38a90000 - 0x00007ffa38ab7000 	C:\WINDOWS\System32\bcrypt.dll
0x00007ffa37a70000 - 0x00007ffa37abb000 	C:\WINDOWS\SYSTEM32\POWRPROF.dll
0x00007ffa17370000 - 0x00007ffa17379000 	C:\WINDOWS\SYSTEM32\WSOCK32.dll
0x00007ffa2a810000 - 0x00007ffa2a837000 	C:\WINDOWS\SYSTEM32\WINMM.dll
0x00007ffa30550000 - 0x00007ffa3055a000 	C:\WINDOWS\SYSTEM32\VERSION.dll
0x00007ffa3aa90000 - 0x00007ffa3aafb000 	C:\WINDOWS\System32\WS2_32.dll
0x00007ffa37930000 - 0x00007ffa37942000 	C:\WINDOWS\SYSTEM32\UMPDC.dll
0x00007ffa36d30000 - 0x00007ffa36d42000 	C:\WINDOWS\SYSTEM32\kernel.appcore.dll
0x00007ffa1b850000 - 0x00007ffa1b85a000 	F:\softwares\IntelliJ IDEA 2023.3.4\jbr\bin\jimage.dll
0x00007ffa36a50000 - 0x00007ffa36c34000 	C:\WINDOWS\SYSTEM32\DBGHELP.DLL
0x00007ffa26990000 - 0x00007ffa269c4000 	C:\WINDOWS\SYSTEM32\dbgcore.DLL
0x00007ffa389b0000 - 0x00007ffa38a32000 	C:\WINDOWS\System32\bcryptPrimitives.dll
0x00007ffa06060000 - 0x00007ffa06085000 	F:\softwares\IntelliJ IDEA 2023.3.4\jbr\bin\java.dll

dbghelp: loaded successfully - version: 4.0.5 - missing functions: none
symbol engine: initialized successfully - sym options: 0x614 - pdb path: .;F:\softwares\IntelliJ IDEA 2023.3.4\jbr\bin;C:\WINDOWS\SYSTEM32;C:\WINDOWS\WinSxS\amd64_microsoft.windows.common-controls_6595b64144ccf1df_6.0.19041.4355_none_60b8b9eb71f62e16;F:\softwares\IntelliJ IDEA 2023.3.4\jbr\bin\server

VM Arguments:
java_command: git4idea.http.GitAskPassApp Username for 'https://github.com': 
java_class_path (initial): F:/softwares/IntelliJ IDEA 2023.3.4/plugins/vcs-git/lib/git4idea-rt.jar;F:/softwares/IntelliJ IDEA 2023.3.4/lib/externalProcess-rt.jar
Launcher Type: SUN_STANDARD

[Global flags]
     intx CICompilerCount                          = 4                                         {product} {ergonomic}
     uint ConcGCThreads                            = 3                                         {product} {ergonomic}
     uint G1ConcRefinementThreads                  = 10                                        {product} {ergonomic}
   size_t G1HeapRegionSize                         = 2097152                                   {product} {ergonomic}
    uintx GCDrainStackTargetSize                   = 64                                        {product} {ergonomic}
   size_t InitialHeapSize                          = 266338304                                 {product} {ergonomic}
   size_t MarkStackSize                            = 4194304                                   {product} {ergonomic}
   size_t MaxHeapSize                              = 4240441344                                {product} {ergonomic}
   size_t MinHeapDeltaBytes                        = 2097152                                   {product} {ergonomic}
   size_t MinHeapSize                              = 8388608                                   {product} {ergonomic}
    uintx NonNMethodCodeHeapSize                   = 5839372                                {pd product} {ergonomic}
    uintx NonProfiledCodeHeapSize                  = 122909434                              {pd product} {ergonomic}
    uintx ProfiledCodeHeapSize                     = 122909434                              {pd product} {ergonomic}
    uintx ReservedCodeCacheSize                    = 251658240                              {pd product} {ergonomic}
     bool SegmentedCodeCache                       = true                                      {product} {ergonomic}
   size_t SoftMaxHeapSize                          = 4240441344                             {manageable} {ergonomic}
     bool UseCompressedClassPointers               = true                           {product lp64_product} {ergonomic}
     bool UseCompressedOops                        = true                           {product lp64_product} {ergonomic}
     bool UseG1GC                                  = true                                      {product} {ergonomic}
     bool UseLargePagesIndividualAllocation        = false                                  {pd product} {ergonomic}

Logging:
Log output configuration:
 #0: stdout all=warning uptime,level,tags
 #1: stderr all=off uptime,level,tags

Environment Variables:
JAVA_HOME=F:\softwares\jdk\JDK17
PATH=C:\Program Files\Git\mingw64\libexec\git-core;C:\Program Files\Git\mingw64\libexec\git-core;C:\Program Files\Git\mingw64\bin;C:\Program Files\Git\usr\bin;C:\Users\jagad\bin;C:\Python39\Scripts;C:\Python39;C:\Windows\system32;C:\Windows;C:\Windows\System32\Wbem;C:\Windows\System32\WindowsPowerShell\v1.0;C:\Windows\System32\OpenSSH;C:\Program Files (x86)\NVIDIA Corporation\PhysX\Common;C:\Program Files\NVIDIA Corporation\NVIDIA NvDLISR;C:\WINDOWS\system32;C:\WINDOWS;C:\WINDOWS\System32\Wbem;C:\WINDOWS\System32\WindowsPowerShell\v1.0;C:\WINDOWS\System32\OpenSSH;C:\Program Files\TortoiseGit\bin;C:\Program Files\Git\cmd;C:\ProgramData\chocolatey\bin;C:\Program Files\Amazon\AWSCLIV2;C:\Program Files (x86)\dotnet;F:\softwares;C:\Program Files\MySQL\MySQL Shell 8.0\bin;C:\Users\jagad\.amplify\bin;C:\Users\jagad\AppData\Local\Microsoft\WindowsApps;C:\Program Files\PostgreSQL\10\bin;F:\softwares\apache-tomcat-9.0.38\bin;C:\Program Files\Java\jdk-11.0.8\bin;F:\softwares\apache-maven-3.6.3-bin\apache-maven-3.6.3\bin;F:\softwares\IntelliJ IDEA Community Edition 2023.3.3\bin;C:\Users\jagad\AppData\Local\Programs\Microsoft VS Code\bin;F:\softwares\android\Sdk\platform-tools;C:\Users\jagad\AppData\Local\GitHubDesktop\bin;F:\softwares\IntelliJ IDEA 2023.3.4\bin;C:\Users\jagad\AppData\Roaming\npm
USERNAME=jagad
DISPLAY=:0.0
LC_ALL=en_US.UTF-8
TERM=cygwin
TMPDIR=C:\Users\jagad\AppData\Local\Temp
OS=Windows_NT
PROCESSOR_IDENTIFIER=Intel64 Family 6 Model 165 Stepping 2, GenuineIntel
TMP=C:\Users\jagad\AppData\Local\Temp
TEMP=C:\Users\jagad\AppData\Local\Temp



Periodic native trim disabled

JNI global refs:
JNI global refs: 0, weak refs: 0

JNI global refs memory usage: 0, weak refs: 0

OOME stack traces (most recent first):
Classloader memory used:


---------------  S Y S T E M  ---------------

OS:
 Windows 10 , 64 bit Build 19041 (10.0.19041.4597)
OS uptime: 1 days 6:02 hours
Hyper-V role detected

CPU: total 12 (initial active 12) (6 cores per cpu, 2 threads per core) family 6 model 165 stepping 2 microcode 0xc8, cx8, cmov, fxsr, ht, mmx, 3dnowpref, sse, sse2, sse3, ssse3, sse4.1, sse4.2, popcnt, lzcnt, tsc, tscinvbit, avx, avx2, aes, erms, clmul, bmi1, bmi2, adx, fma, vzeroupper, clflush, clflushopt, hv
Processor Information for all 12 processors :
  Max Mhz: 2592, Current Mhz: 2592, Mhz Limit: 2592

Memory: 4k page, system-wide physical 16170M (2440M free)
TotalPageFile size 21013M (AvailPageFile size 225M)
current process WorkingSet (physical memory assigned to process): 11M, peak: 11M
current process commit charge ("private bytes"): 64M, peak: 318M

vm_info: OpenJDK 64-Bit Server VM (17.0.10+1-b1087.17) for windows-amd64 JRE (17.0.10+1-b1087.17), built on 2024-01-19 by "builduser" with MS VC++ 16.10 / 16.11 (VS2019)

END.
